<?xml version="1.0" encoding="UTF-8"?>
<!-- Generated by org.testng.reporters.JUnitXMLReporter -->
<testsuite ignored="0" hostname="DESKTOP-36SMPU4" failures="1" tests="1" name="Test1" time="8.368" errors="0" timestamp="2023-01-27T19:00:16 CET">
  <testcase classname="tutorialsNinjaTests.LoginPageTest" name="verifyLogin" time="3.379">
    <failure type="java.lang.AssertionError" message="expected [Account Login] but found [My Account]">
      <![CDATA[java.lang.AssertionError: expected [Account Login] but found [My Account]
at tutorialsNinjaTests.LoginPageTest.verifyLogin(LoginPageTest.java:30)
at java.base/java.util.ArrayList.forEach(ArrayList.java:1511)
... Removed 33 stack frames]]>
    </failure>
  </testcase> <!-- verifyLogin -->
</testsuite> <!-- Test1 -->
