<?xml version="1.0" encoding="UTF-8"?>
<!-- Generated by org.testng.reporters.JUnitXMLReporter -->
<testsuite ignored="0" hostname="DESKTOP-36SMPU4" failures="0" tests="2" name="Test" time="16.278" errors="0" timestamp="2023-01-26T16:11:08 CET">
  <testcase classname="tutorialsNinjaTests.PurchaseGiftCertificateTest" name="GiftCertificateTest" time="3.474"/>
  <testcase classname="tutorialsNinjaTests.PurchaseGiftCertificateTest" name="GiftCertificateTest2" time="2.561"/>
</testsuite> <!-- Test -->
