<?xml version="1.0" encoding="UTF-8"?>
<testng-results ignored="0" total="2" passed="2" failed="0" skipped="0">
  <reporter-output>
  </reporter-output>
  <suite started-at="2023-01-26T16:10:52 CET" name="Suite" finished-at="2023-01-26T16:11:08 CET" duration-ms="16278">
    <groups>
    </groups>
    <test started-at="2023-01-26T16:10:52 CET" name="Test" finished-at="2023-01-26T16:11:08 CET" duration-ms="16278">
      <class name="tutorialsNinjaTests.PurchaseGiftCertificateTest">
        <test-method is-config="true" signature="LaunchBrowserAndOpenUrl(java.lang.String)[pri:0, instance:tutorialsNinjaTests.PurchaseGiftCertificateTest@4cc451f2]" started-at="2023-01-26T16:10:52 CET" name="LaunchBrowserAndOpenUrl" finished-at="2023-01-26T16:10:57 CET" duration-ms="5197" status="PASS">
          <params>
            <param index="0">
              <value>
                <![CDATA[http://tutorialsninja.com/demo/index.php?route=common/home]]>
              </value>
            </param>
          </params>
          <reporter-output>
          </reporter-output>
        </test-method> <!-- LaunchBrowserAndOpenUrl -->
        <test-method signature="GiftCertificateTest(java.lang.String,java.lang.String)[pri:0, instance:tutorialsNinjaTests.PurchaseGiftCertificateTest@4cc451f2]" started-at="2023-01-26T16:10:57 CET" name="GiftCertificateTest" description="verifying purchase gift certificate functionality" finished-at="2023-01-26T16:11:00 CET" duration-ms="3474" status="PASS">
          <params>
            <param index="0">
              <value>
                <![CDATA[practicetestingsita@gmail.com]]>
              </value>
            </param>
            <param index="1">
              <value>
                <![CDATA[Hello@123]]>
              </value>
            </param>
          </params>
          <reporter-output>
          </reporter-output>
        </test-method> <!-- GiftCertificateTest -->
        <test-method is-config="true" signature="QuitBrowser(org.testng.ITestResult)[pri:0, instance:tutorialsNinjaTests.PurchaseGiftCertificateTest@4cc451f2]" started-at="2023-01-26T16:11:00 CET" name="QuitBrowser" finished-at="2023-01-26T16:11:01 CET" duration-ms="354" status="PASS">
          <params>
            <param index="0">
              <value>
                <![CDATA[[TestResult name=GiftCertificateTest status=SUCCESS method=PurchaseGiftCertificateTest.GiftCertificateTest(java.lang.String,java.lang.String)[pri:0, instance:tutorialsNinjaTests.PurchaseGiftCertificateTest@4cc451f2] output={null}]]]>
              </value>
            </param>
          </params>
          <reporter-output>
          </reporter-output>
        </test-method> <!-- QuitBrowser -->
        <test-method is-config="true" signature="LaunchBrowserAndOpenUrl(java.lang.String)[pri:0, instance:tutorialsNinjaTests.PurchaseGiftCertificateTest@4cc451f2]" started-at="2023-01-26T16:11:01 CET" name="LaunchBrowserAndOpenUrl" finished-at="2023-01-26T16:11:05 CET" duration-ms="4366" status="PASS">
          <params>
            <param index="0">
              <value>
                <![CDATA[http://tutorialsninja.com/demo/index.php?route=common/home]]>
              </value>
            </param>
          </params>
          <reporter-output>
          </reporter-output>
        </test-method> <!-- LaunchBrowserAndOpenUrl -->
        <test-method signature="GiftCertificateTest2(java.lang.String,java.lang.String)[pri:0, instance:tutorialsNinjaTests.PurchaseGiftCertificateTest@4cc451f2]" started-at="2023-01-26T16:11:05 CET" name="GiftCertificateTest2" description="verifying purchase gift certificate functionality" finished-at="2023-01-26T16:11:08 CET" duration-ms="2561" status="PASS">
          <params>
            <param index="0">
              <value>
                <![CDATA[practicetestingsita@gmail.com]]>
              </value>
            </param>
            <param index="1">
              <value>
                <![CDATA[Hello@123]]>
              </value>
            </param>
          </params>
          <reporter-output>
          </reporter-output>
        </test-method> <!-- GiftCertificateTest2 -->
        <test-method is-config="true" signature="QuitBrowser(org.testng.ITestResult)[pri:0, instance:tutorialsNinjaTests.PurchaseGiftCertificateTest@4cc451f2]" started-at="2023-01-26T16:11:08 CET" name="QuitBrowser" finished-at="2023-01-26T16:11:08 CET" duration-ms="276" status="PASS">
          <params>
            <param index="0">
              <value>
                <![CDATA[[TestResult name=GiftCertificateTest2 status=SUCCESS method=PurchaseGiftCertificateTest.GiftCertificateTest2(java.lang.String,java.lang.String)[pri:0, instance:tutorialsNinjaTests.PurchaseGiftCertificateTest@4cc451f2] output={null}]]]>
              </value>
            </param>
          </params>
          <reporter-output>
          </reporter-output>
        </test-method> <!-- QuitBrowser -->
      </class> <!-- tutorialsNinjaTests.PurchaseGiftCertificateTest -->
    </test> <!-- Test -->
  </suite> <!-- Suite -->
</testng-results>
